<?xml version="1.0" encoding="UTF-8" ?>
<testsuite tests="21" failures="0" name="com.basic.MyFirstSelenium.RunnerFirstSeleniumScriptTest" time="0.338" errors="10" skipped="11">
  <properties>
    <property name="java.runtime.name" value="Java(TM) SE Runtime Environment"/>
    <property name="sun.boot.library.path" value="C:\Program Files\Java\jre1.8.0_92\bin"/>
    <property name="java.vm.version" value="25.92-b14"/>
    <property name="java.vm.vendor" value="Oracle Corporation"/>
    <property name="maven.multiModuleProjectDirectory" value="D:\RadicalTraining\Radical\B22FinalRestCucumberProject"/>
    <property name="java.vendor.url" value="http://java.oracle.com/"/>
    <property name="path.separator" value=";"/>
    <property name="guice.disable.misplaced.annotation.check" value="true"/>
    <property name="java.vm.name" value="Java HotSpot(TM) 64-Bit Server VM"/>
    <property name="file.encoding.pkg" value="sun.io"/>
    <property name="user.script" value=""/>
    <property name="user.country" value="IN"/>
    <property name="sun.java.launcher" value="SUN_STANDARD"/>
    <property name="sun.os.patch.level" value=""/>
    <property name="java.vm.specification.name" value="Java Virtual Machine Specification"/>
    <property name="user.dir" value="D:\RadicalTraining\Radical\B22FinalRestCucumberProject"/>
    <property name="java.runtime.version" value="1.8.0_92-b14"/>
    <property name="java.awt.graphicsenv" value="sun.awt.Win32GraphicsEnvironment"/>
    <property name="java.endorsed.dirs" value="C:\Program Files\Java\jre1.8.0_92\lib\endorsed"/>
    <property name="os.arch" value="amd64"/>
    <property name="java.io.tmpdir" value="C:\Users\LENOVO\AppData\Local\Temp\"/>
    <property name="line.separator" value="
"/>
    <property name="java.vm.specification.vendor" value="Oracle Corporation"/>
    <property name="user.variant" value=""/>
    <property name="os.name" value="Windows 10"/>
    <property name="classworlds.conf" value="D:\RadicalTraining\Radical\.metadata\.plugins\org.eclipse.m2e.launching\launches\m2conf3582329407729248093.tmp"/>
    <property name="sun.jnu.encoding" value="Cp1252"/>
    <property name="java.library.path" value="C:\Program Files\Java\jre1.8.0_92\bin;C:\WINDOWS\Sun\Java\bin;C:\WINDOWS\system32;C:\WINDOWS;C:/Program Files/Java/jre1.8.0_92/bin/server;C:/Program Files/Java/jre1.8.0_92/bin;C:/Program Files/Java/jre1.8.0_92/lib/amd64;C:\ProgramData\Oracle\Java\javapath;C:\oraclexe\app\oracle\product\10.2.0\server\bin;C:\Program Files (x86)\Intel\iCLS Client\;C:\Program Files\Intel\iCLS Client\;C:\WINDOWS\system32;C:\WINDOWS;C:\WINDOWS\System32\Wbem;C:\WINDOWS\System32\WindowsPowerShell\v1.0\;C:\WINDOWS\System32\OpenSSH\;C:\Program Files (x86)\Intel\Intel(R) Management Engine Components\DAL;C:\Program Files\Intel\Intel(R) Management Engine Components\DAL;C:\Program Files (x86)\Intel\Intel(R) Management Engine Components\IPT;C:\Program Files\Intel\Intel(R) Management Engine Components\IPT;C:\Program Files\Java\jdk1.8.0_92\bin;C:\Program Files (x86)\MySQL\MySQL Utilities 1.3.6\;C:\Program Files\MySQL\MySQL Shell 8.0\bin\;C:\Users\LENOVO\AppData\Local\Microsoft\WindowsApps;C:\Program Files\Java\jdk1.8.0_231\bin;C:\apache-tomcat-9.0.36\bin;;D:\RadicalTraining\Softwares\Eclips\eclipse-jee-neon-3-win32-x86_64\eclipse;;."/>
    <property name="java.specification.name" value="Java Platform API Specification"/>
    <property name="java.class.version" value="52.0"/>
    <property name="sun.management.compiler" value="HotSpot 64-Bit Tiered Compilers"/>
    <property name="os.version" value="10.0"/>
    <property name="user.home" value="C:\Users\LENOVO"/>
    <property name="user.timezone" value="Asia/Calcutta"/>
    <property name="java.awt.printerjob" value="sun.awt.windows.WPrinterJob"/>
    <property name="java.specification.version" value="1.8"/>
    <property name="file.encoding" value="Cp1252"/>
    <property name="user.name" value="LENOVO"/>
    <property name="java.class.path" value="/D:/RadicalTraining/Softwares/Eclips/eclipse-jee-neon-3-win32-x86_64/eclipse/plugins/org.eclipse.m2e.maven.runtime_1.7.0.20160603-1931/jars/plexus-classworlds-2.5.2.jar"/>
    <property name="java.vm.specification.version" value="1.8"/>
    <property name="sun.arch.data.model" value="64"/>
    <property name="java.home" value="C:\Program Files\Java\jre1.8.0_92"/>
    <property name="sun.java.command" value="org.codehaus.plexus.classworlds.launcher.Launcher -B test"/>
    <property name="java.specification.vendor" value="Oracle Corporation"/>
    <property name="user.language" value="en"/>
    <property name="awt.toolkit" value="sun.awt.windows.WToolkit"/>
    <property name="java.vm.info" value="mixed mode"/>
    <property name="java.version" value="1.8.0_92"/>
    <property name="java.ext.dirs" value="C:\Program Files\Java\jre1.8.0_92\lib\ext;C:\WINDOWS\Sun\Java\lib\ext"/>
    <property name="sun.boot.class.path" value="C:\Program Files\Java\jre1.8.0_92\lib\resources.jar;C:\Program Files\Java\jre1.8.0_92\lib\rt.jar;C:\Program Files\Java\jre1.8.0_92\lib\sunrsasign.jar;C:\Program Files\Java\jre1.8.0_92\lib\jsse.jar;C:\Program Files\Java\jre1.8.0_92\lib\jce.jar;C:\Program Files\Java\jre1.8.0_92\lib\charsets.jar;C:\Program Files\Java\jre1.8.0_92\lib\jfr.jar;C:\Program Files\Java\jre1.8.0_92\classes"/>
    <property name="java.vendor" value="Oracle Corporation"/>
    <property name="maven.home" value="D:\RadicalTraining\Radical\B22FinalRestCucumberProject\EMBEDDED"/>
    <property name="file.separator" value="\"/>
    <property name="java.vendor.url.bug" value="http://bugreport.sun.com/bugreport/"/>
    <property name="sun.cpu.endian" value="little"/>
    <property name="sun.io.unicode.encoding" value="UnicodeLittle"/>
    <property name="sun.desktop" value="windows"/>
    <property name="sun.cpu.isalist" value="amd64"/>
  </properties>
  <testcase classname="Scenario: test all tabs on home page" name="Given User Opens seleniumhq website" time="0">
    <error message="The driver executable does not exist: D:\Training\TrainingContent\SeleniumJars_Software\chromedriver_win32_B39\chromedriver.exe" type="java.lang.IllegalStateException">java.lang.IllegalStateException: The driver executable does not exist: D:\Training\TrainingContent\SeleniumJars_Software\chromedriver_win32_B39\chromedriver.exe
	at com.google.common.base.Preconditions.checkState(Preconditions.java:534)
	at org.openqa.selenium.remote.service.DriverService.checkExecutable(DriverService.java:136)
	at org.openqa.selenium.remote.service.DriverService.findExecutable(DriverService.java:131)
	at org.openqa.selenium.chrome.ChromeDriverService.access$000(ChromeDriverService.java:32)
	at org.openqa.selenium.chrome.ChromeDriverService$Builder.findDefaultExecutable(ChromeDriverService.java:137)
	at org.openqa.selenium.remote.service.DriverService$Builder.build(DriverService.java:329)
	at org.openqa.selenium.chrome.ChromeDriverService.createDefaultService(ChromeDriverService.java:88)
	at org.openqa.selenium.chrome.ChromeDriver.&lt;init&gt;(ChromeDriver.java:124)
	at com.basic.MyFirstSelenium.FirstSeleniumScriptSD.User_Opens_seleniumhq_website11(FirstSeleniumScriptSD.java:19)
	at ✽.Given User Opens seleniumhq website(src/test/resources/com/basic/MyFirstSelenium/FirstSeleniumScriptFF.feature:4)
</error>
    <system-out>
  Scenario: Test my Get Method     &amp;#27;[90m# com/basic/hooksOfCucu/HooksTesting.feature:4&amp;#27;[0m
    &amp;#27;[32mGiven &amp;#27;[0m&amp;#27;[32muser hit the get request&amp;#27;[0m &amp;#27;[90m# TestHooks.user_hit_the_get_request()&amp;#27;[0m

1 Scenarios (&amp;#27;[32m1 passed&amp;#27;[0m)
1 Steps (&amp;#27;[32m1 passed&amp;#27;[0m)
0m2.081s

Feature: Testing cucumber with selenium
</system-out>
  </testcase>
  <testcase classname="Scenario: test all tabs on home page" name="Scenario: test all tabs on home page" time="0">
    <error message="The driver executable does not exist: D:\Training\TrainingContent\SeleniumJars_Software\chromedriver_win32_B39\chromedriver.exe" type="java.lang.IllegalStateException">java.lang.IllegalStateException: The driver executable does not exist: D:\Training\TrainingContent\SeleniumJars_Software\chromedriver_win32_B39\chromedriver.exe
	at com.google.common.base.Preconditions.checkState(Preconditions.java:534)
	at org.openqa.selenium.remote.service.DriverService.checkExecutable(DriverService.java:136)
	at org.openqa.selenium.remote.service.DriverService.findExecutable(DriverService.java:131)
	at org.openqa.selenium.chrome.ChromeDriverService.access$000(ChromeDriverService.java:32)
	at org.openqa.selenium.chrome.ChromeDriverService$Builder.findDefaultExecutable(ChromeDriverService.java:137)
	at org.openqa.selenium.remote.service.DriverService$Builder.build(DriverService.java:329)
	at org.openqa.selenium.chrome.ChromeDriverService.createDefaultService(ChromeDriverService.java:88)
	at org.openqa.selenium.chrome.ChromeDriver.&lt;init&gt;(ChromeDriver.java:124)
	at com.basic.MyFirstSelenium.FirstSeleniumScriptSD.User_Opens_seleniumhq_website11(FirstSeleniumScriptSD.java:19)
	at ✽.Given User Opens seleniumhq website(src/test/resources/com/basic/MyFirstSelenium/FirstSeleniumScriptFF.feature:4)
</error>
  </testcase>
  <testcase classname="Scenario: test all tabs on home page" name="When user click on &quot;Project&quot; tab" time="0.001">
    <skipped/>
  </testcase>
  <testcase classname="Scenario: test all tabs on home page" name="Then user checks About tab" time="0.001">
    <skipped/>
  </testcase>
  <testcase classname="Scenario: test all tabs on home page22" name="Given User Opens seleniumhq website" time="0">
    <error message="The driver executable does not exist: D:\Training\TrainingContent\SeleniumJars_Software\chromedriver_win32_B39\chromedriver.exe" type="java.lang.IllegalStateException">java.lang.IllegalStateException: The driver executable does not exist: D:\Training\TrainingContent\SeleniumJars_Software\chromedriver_win32_B39\chromedriver.exe
	at com.google.common.base.Preconditions.checkState(Preconditions.java:534)
	at org.openqa.selenium.remote.service.DriverService.checkExecutable(DriverService.java:136)
	at org.openqa.selenium.remote.service.DriverService.findExecutable(DriverService.java:131)
	at org.openqa.selenium.chrome.ChromeDriverService.access$000(ChromeDriverService.java:32)
	at org.openqa.selenium.chrome.ChromeDriverService$Builder.findDefaultExecutable(ChromeDriverService.java:137)
	at org.openqa.selenium.remote.service.DriverService$Builder.build(DriverService.java:329)
	at org.openqa.selenium.chrome.ChromeDriverService.createDefaultService(ChromeDriverService.java:88)
	at org.openqa.selenium.chrome.ChromeDriver.&lt;init&gt;(ChromeDriver.java:124)
	at com.basic.MyFirstSelenium.FirstSeleniumScriptSD.User_Opens_seleniumhq_website11(FirstSeleniumScriptSD.java:19)
	at ✽.Given User Opens seleniumhq website(src/test/resources/com/basic/MyFirstSelenium/FirstSeleniumScriptFF.feature:9)
</error>
    <system-out>
  Scenario: test all tabs on home page  &amp;#27;[90m# src/test/resources/com/basic/MyFirstSelenium/FirstSeleniumScriptFF.feature:3&amp;#27;[0m
    &amp;#27;[31mGiven &amp;#27;[0m&amp;#27;[31mUser Opens seleniumhq website&amp;#27;[0m &amp;#27;[90m# FirstSeleniumScriptSD.User_Opens_seleniumhq_website11()&amp;#27;[0m
      &amp;#27;[31mjava.lang.IllegalStateException: The driver executable does not exist: D:\Training\TrainingContent\SeleniumJars_Software\chromedriver_win32_B39\chromedriver.exe
      	at com.google.common.base.Preconditions.checkState(Preconditions.java:534)
      	at org.openqa.selenium.remote.service.DriverService.checkExecutable(DriverService.java:136)
      	at org.openqa.selenium.remote.service.DriverService.findExecutable(DriverService.java:131)
      	at org.openqa.selenium.chrome.ChromeDriverService.access$000(ChromeDriverService.java:32)
      	at org.openqa.selenium.chrome.ChromeDriverService$Builder.findDefaultExecutable(ChromeDriverService.java:137)
      	at org.openqa.selenium.remote.service.DriverService$Builder.build(DriverService.java:329)
      	at org.openqa.selenium.chrome.ChromeDriverService.createDefaultService(ChromeDriverService.java:88)
      	at org.openqa.selenium.chrome.ChromeDriver.&lt;init&gt;(ChromeDriver.java:124)
      	at com.basic.MyFirstSelenium.FirstSeleniumScriptSD.User_Opens_seleniumhq_website11(FirstSeleniumScriptSD.java:19)
      	at ?.Given User Opens seleniumhq website(src/test/resources/com/basic/MyFirstSelenium/FirstSeleniumScriptFF.feature:4)
      &amp;#27;[0m
    &amp;#27;[36mWhen &amp;#27;[0m&amp;#27;[36muser click on &quot;&amp;#27;[0m&amp;#27;[36m&amp;#27;[1mProject&amp;#27;[0m&amp;#27;[36m&quot; tab&amp;#27;[0m    &amp;#27;[90m# FirstSeleniumScriptSD.user_click_on_Project_tab(String)&amp;#27;[0m
    &amp;#27;[36mThen &amp;#27;[0m&amp;#27;[36muser checks About tab&amp;#27;[0m          &amp;#27;[90m# FirstSeleniumScriptSD.user_checks_About_tab()&amp;#27;[0m
</system-out>
  </testcase>
  <testcase classname="Scenario: test all tabs on home page22" name="Scenario: test all tabs on home page22" time="0.001">
    <error message="The driver executable does not exist: D:\Training\TrainingContent\SeleniumJars_Software\chromedriver_win32_B39\chromedriver.exe" type="java.lang.IllegalStateException">java.lang.IllegalStateException: The driver executable does not exist: D:\Training\TrainingContent\SeleniumJars_Software\chromedriver_win32_B39\chromedriver.exe
	at com.google.common.base.Preconditions.checkState(Preconditions.java:534)
	at org.openqa.selenium.remote.service.DriverService.checkExecutable(DriverService.java:136)
	at org.openqa.selenium.remote.service.DriverService.findExecutable(DriverService.java:131)
	at org.openqa.selenium.chrome.ChromeDriverService.access$000(ChromeDriverService.java:32)
	at org.openqa.selenium.chrome.ChromeDriverService$Builder.findDefaultExecutable(ChromeDriverService.java:137)
	at org.openqa.selenium.remote.service.DriverService$Builder.build(DriverService.java:329)
	at org.openqa.selenium.chrome.ChromeDriverService.createDefaultService(ChromeDriverService.java:88)
	at org.openqa.selenium.chrome.ChromeDriver.&lt;init&gt;(ChromeDriver.java:124)
	at com.basic.MyFirstSelenium.FirstSeleniumScriptSD.User_Opens_seleniumhq_website11(FirstSeleniumScriptSD.java:19)
	at ✽.Given User Opens seleniumhq website(src/test/resources/com/basic/MyFirstSelenium/FirstSeleniumScriptFF.feature:9)
</error>
  </testcase>
  <testcase classname="Scenario: test all tabs on home page22" name="When user click on &quot;Documenation&quot; tab" time="0.006">
    <skipped/>
  </testcase>
  <testcase classname="Scenario: test all tabs on home page22" name="Then user checks About tab" time="0.008">
    <skipped/>
  </testcase>
  <testcase classname="Scenario: test all tabs on home page33" name="Given User Opens seleniumhq website" time="0.001">
    <error message="The driver executable does not exist: D:\Training\TrainingContent\SeleniumJars_Software\chromedriver_win32_B39\chromedriver.exe" type="java.lang.IllegalStateException">java.lang.IllegalStateException: The driver executable does not exist: D:\Training\TrainingContent\SeleniumJars_Software\chromedriver_win32_B39\chromedriver.exe
	at com.google.common.base.Preconditions.checkState(Preconditions.java:534)
	at org.openqa.selenium.remote.service.DriverService.checkExecutable(DriverService.java:136)
	at org.openqa.selenium.remote.service.DriverService.findExecutable(DriverService.java:131)
	at org.openqa.selenium.chrome.ChromeDriverService.access$000(ChromeDriverService.java:32)
	at org.openqa.selenium.chrome.ChromeDriverService$Builder.findDefaultExecutable(ChromeDriverService.java:137)
	at org.openqa.selenium.remote.service.DriverService$Builder.build(DriverService.java:329)
	at org.openqa.selenium.chrome.ChromeDriverService.createDefaultService(ChromeDriverService.java:88)
	at org.openqa.selenium.chrome.ChromeDriver.&lt;init&gt;(ChromeDriver.java:124)
	at com.basic.MyFirstSelenium.FirstSeleniumScriptSD.User_Opens_seleniumhq_website11(FirstSeleniumScriptSD.java:19)
	at ✽.Given User Opens seleniumhq website(src/test/resources/com/basic/MyFirstSelenium/FirstSeleniumScriptFF2.feature:4)
</error>
    <system-out>
  Scenario: test all tabs on home page22  &amp;#27;[90m# src/test/resources/com/basic/MyFirstSelenium/FirstSeleniumScriptFF.feature:8&amp;#27;[0m
    &amp;#27;[31mGiven &amp;#27;[0m&amp;#27;[31mUser Opens seleniumhq website&amp;#27;[0m   &amp;#27;[90m# FirstSeleniumScriptSD.User_Opens_seleniumhq_website11()&amp;#27;[0m
      &amp;#27;[31mjava.lang.IllegalStateException: The driver executable does not exist: D:\Training\TrainingContent\SeleniumJars_Software\chromedriver_win32_B39\chromedriver.exe
      	at com.google.common.base.Preconditions.checkState(Preconditions.java:534)
      	at org.openqa.selenium.remote.service.DriverService.checkExecutable(DriverService.java:136)
      	at org.openqa.selenium.remote.service.DriverService.findExecutable(DriverService.java:131)
      	at org.openqa.selenium.chrome.ChromeDriverService.access$000(ChromeDriverService.java:32)
      	at org.openqa.selenium.chrome.ChromeDriverService$Builder.findDefaultExecutable(ChromeDriverService.java:137)
      	at org.openqa.selenium.remote.service.DriverService$Builder.build(DriverService.java:329)
      	at org.openqa.selenium.chrome.ChromeDriverService.createDefaultService(ChromeDriverService.java:88)
      	at org.openqa.selenium.chrome.ChromeDriver.&lt;init&gt;(ChromeDriver.java:124)
      	at com.basic.MyFirstSelenium.FirstSeleniumScriptSD.User_Opens_seleniumhq_website11(FirstSeleniumScriptSD.java:19)
      	at ?.Given User Opens seleniumhq website(src/test/resources/com/basic/MyFirstSelenium/FirstSeleniumScriptFF.feature:9)
      &amp;#27;[0m
    &amp;#27;[36mWhen &amp;#27;[0m&amp;#27;[36muser click on &quot;&amp;#27;[0m&amp;#27;[36m&amp;#27;[1mDocumenation&amp;#27;[0m&amp;#27;[36m&quot; tab&amp;#27;[0m &amp;#27;[90m# FirstSeleniumScriptSD.user_click_on_Project_tab(String)&amp;#27;[0m
    &amp;#27;[36mThen &amp;#27;[0m&amp;#27;[36muser checks About tab&amp;#27;[0m            &amp;#27;[90m# FirstSeleniumScriptSD.user_checks_About_tab()&amp;#27;[0m
Feature: Testing cucumber with selenium
</system-out>
  </testcase>
  <testcase classname="Scenario: test all tabs on home page33" name="Scenario: test all tabs on home page33" time="0.001">
    <error message="The driver executable does not exist: D:\Training\TrainingContent\SeleniumJars_Software\chromedriver_win32_B39\chromedriver.exe" type="java.lang.IllegalStateException">java.lang.IllegalStateException: The driver executable does not exist: D:\Training\TrainingContent\SeleniumJars_Software\chromedriver_win32_B39\chromedriver.exe
	at com.google.common.base.Preconditions.checkState(Preconditions.java:534)
	at org.openqa.selenium.remote.service.DriverService.checkExecutable(DriverService.java:136)
	at org.openqa.selenium.remote.service.DriverService.findExecutable(DriverService.java:131)
	at org.openqa.selenium.chrome.ChromeDriverService.access$000(ChromeDriverService.java:32)
	at org.openqa.selenium.chrome.ChromeDriverService$Builder.findDefaultExecutable(ChromeDriverService.java:137)
	at org.openqa.selenium.remote.service.DriverService$Builder.build(DriverService.java:329)
	at org.openqa.selenium.chrome.ChromeDriverService.createDefaultService(ChromeDriverService.java:88)
	at org.openqa.selenium.chrome.ChromeDriver.&lt;init&gt;(ChromeDriver.java:124)
	at com.basic.MyFirstSelenium.FirstSeleniumScriptSD.User_Opens_seleniumhq_website11(FirstSeleniumScriptSD.java:19)
	at ✽.Given User Opens seleniumhq website(src/test/resources/com/basic/MyFirstSelenium/FirstSeleniumScriptFF2.feature:4)
</error>
  </testcase>
  <testcase classname="Scenario: test all tabs on home page33" name="When user click on Project tab" time="0.02">
    <skipped/>
  </testcase>
  <testcase classname="Scenario: test all tabs on home page33" name="Then user checks About tab" time="0.091">
    <skipped/>
  </testcase>
  <testcase classname="Scenario: test all tabs on home page44" name="Given User Opens seleniumhq website" time="0.002">
    <error message="The driver executable does not exist: D:\Training\TrainingContent\SeleniumJars_Software\chromedriver_win32_B39\chromedriver.exe" type="java.lang.IllegalStateException">java.lang.IllegalStateException: The driver executable does not exist: D:\Training\TrainingContent\SeleniumJars_Software\chromedriver_win32_B39\chromedriver.exe
	at com.google.common.base.Preconditions.checkState(Preconditions.java:534)
	at org.openqa.selenium.remote.service.DriverService.checkExecutable(DriverService.java:136)
	at org.openqa.selenium.remote.service.DriverService.findExecutable(DriverService.java:131)
	at org.openqa.selenium.chrome.ChromeDriverService.access$000(ChromeDriverService.java:32)
	at org.openqa.selenium.chrome.ChromeDriverService$Builder.findDefaultExecutable(ChromeDriverService.java:137)
	at org.openqa.selenium.remote.service.DriverService$Builder.build(DriverService.java:329)
	at org.openqa.selenium.chrome.ChromeDriverService.createDefaultService(ChromeDriverService.java:88)
	at org.openqa.selenium.chrome.ChromeDriver.&lt;init&gt;(ChromeDriver.java:124)
	at com.basic.MyFirstSelenium.FirstSeleniumScriptSD.User_Opens_seleniumhq_website11(FirstSeleniumScriptSD.java:19)
	at ✽.Given User Opens seleniumhq website(src/test/resources/com/basic/MyFirstSelenium/FirstSeleniumScriptFF2.feature:9)
</error>
    <system-out>
  Scenario: test all tabs on home page33 &amp;#27;[90m# src/test/resources/com/basic/MyFirstSelenium/FirstSeleniumScriptFF2.feature:3&amp;#27;[0m
    &amp;#27;[31mGiven &amp;#27;[0m&amp;#27;[31mUser Opens seleniumhq website&amp;#27;[0m  &amp;#27;[90m# FirstSeleniumScriptSD.User_Opens_seleniumhq_website11()&amp;#27;[0m
      &amp;#27;[31mjava.lang.IllegalStateException: The driver executable does not exist: D:\Training\TrainingContent\SeleniumJars_Software\chromedriver_win32_B39\chromedriver.exe
      	at com.google.common.base.Preconditions.checkState(Preconditions.java:534)
      	at org.openqa.selenium.remote.service.DriverService.checkExecutable(DriverService.java:136)
      	at org.openqa.selenium.remote.service.DriverService.findExecutable(DriverService.java:131)
      	at org.openqa.selenium.chrome.ChromeDriverService.access$000(ChromeDriverService.java:32)
      	at org.openqa.selenium.chrome.ChromeDriverService$Builder.findDefaultExecutable(ChromeDriverService.java:137)
      	at org.openqa.selenium.remote.service.DriverService$Builder.build(DriverService.java:329)
      	at org.openqa.selenium.chrome.ChromeDriverService.createDefaultService(ChromeDriverService.java:88)
      	at org.openqa.selenium.chrome.ChromeDriver.&lt;init&gt;(ChromeDriver.java:124)
      	at com.basic.MyFirstSelenium.FirstSeleniumScriptSD.User_Opens_seleniumhq_website11(FirstSeleniumScriptSD.java:19)
      	at ?.Given User Opens seleniumhq website(src/test/resources/com/basic/MyFirstSelenium/FirstSeleniumScriptFF2.feature:4)
      &amp;#27;[0m
    &amp;#27;[33mWhen &amp;#27;[0m&amp;#27;[33muser click on Project tab&amp;#27;[0m
    &amp;#27;[36mThen &amp;#27;[0m&amp;#27;[36muser checks About tab&amp;#27;[0m           &amp;#27;[90m# FirstSeleniumScriptSD.user_checks_About_tab()&amp;#27;[0m
</system-out>
  </testcase>
  <testcase classname="Scenario: test all tabs on home page44" name="Scenario: test all tabs on home page44" time="0.002">
    <error message="The driver executable does not exist: D:\Training\TrainingContent\SeleniumJars_Software\chromedriver_win32_B39\chromedriver.exe" type="java.lang.IllegalStateException">java.lang.IllegalStateException: The driver executable does not exist: D:\Training\TrainingContent\SeleniumJars_Software\chromedriver_win32_B39\chromedriver.exe
	at com.google.common.base.Preconditions.checkState(Preconditions.java:534)
	at org.openqa.selenium.remote.service.DriverService.checkExecutable(DriverService.java:136)
	at org.openqa.selenium.remote.service.DriverService.findExecutable(DriverService.java:131)
	at org.openqa.selenium.chrome.ChromeDriverService.access$000(ChromeDriverService.java:32)
	at org.openqa.selenium.chrome.ChromeDriverService$Builder.findDefaultExecutable(ChromeDriverService.java:137)
	at org.openqa.selenium.remote.service.DriverService$Builder.build(DriverService.java:329)
	at org.openqa.selenium.chrome.ChromeDriverService.createDefaultService(ChromeDriverService.java:88)
	at org.openqa.selenium.chrome.ChromeDriver.&lt;init&gt;(ChromeDriver.java:124)
	at com.basic.MyFirstSelenium.FirstSeleniumScriptSD.User_Opens_seleniumhq_website11(FirstSeleniumScriptSD.java:19)
	at ✽.Given User Opens seleniumhq website(src/test/resources/com/basic/MyFirstSelenium/FirstSeleniumScriptFF2.feature:9)
</error>
  </testcase>
  <testcase classname="Scenario: test all tabs on home page44" name="When user click on Project tab" time="0.009">
    <skipped/>
  </testcase>
  <testcase classname="Scenario: test all tabs on home page44" name="Then user checks About tab" time="0.015">
    <skipped/>
  </testcase>
  <testcase classname="Scenario: test all tabs on home page44" name="Given User Opens seleniumhq website" time="0">
    <error message="The driver executable does not exist: D:\Training\TrainingContent\SeleniumJars_Software\chromedriver_win32_B39\chromedriver.exe" type="java.lang.IllegalStateException">java.lang.IllegalStateException: The driver executable does not exist: D:\Training\TrainingContent\SeleniumJars_Software\chromedriver_win32_B39\chromedriver.exe
	at com.google.common.base.Preconditions.checkState(Preconditions.java:534)
	at org.openqa.selenium.remote.service.DriverService.checkExecutable(DriverService.java:136)
	at org.openqa.selenium.remote.service.DriverService.findExecutable(DriverService.java:131)
	at org.openqa.selenium.chrome.ChromeDriverService.access$000(ChromeDriverService.java:32)
	at org.openqa.selenium.chrome.ChromeDriverService$Builder.findDefaultExecutable(ChromeDriverService.java:137)
	at org.openqa.selenium.remote.service.DriverService$Builder.build(DriverService.java:329)
	at org.openqa.selenium.chrome.ChromeDriverService.createDefaultService(ChromeDriverService.java:88)
	at org.openqa.selenium.chrome.ChromeDriver.&lt;init&gt;(ChromeDriver.java:124)
	at com.basic.MyFirstSelenium.FirstSeleniumScriptSD.User_Opens_seleniumhq_website11(FirstSeleniumScriptSD.java:19)
	at ✽.Given User Opens seleniumhq website(src/test/resources/com/basic/MyFirstSelenium/FirstSeleniumScriptFF2.feature:14)
</error>
    <system-out>
  Scenario: test all tabs on home page44 &amp;#27;[90m# src/test/resources/com/basic/MyFirstSelenium/FirstSeleniumScriptFF2.feature:8&amp;#27;[0m
    &amp;#27;[31mGiven &amp;#27;[0m&amp;#27;[31mUser Opens seleniumhq website&amp;#27;[0m  &amp;#27;[90m# FirstSeleniumScriptSD.User_Opens_seleniumhq_website11()&amp;#27;[0m
      &amp;#27;[31mjava.lang.IllegalStateException: The driver executable does not exist: D:\Training\TrainingContent\SeleniumJars_Software\chromedriver_win32_B39\chromedriver.exe
      	at com.google.common.base.Preconditions.checkState(Preconditions.java:534)
      	at org.openqa.selenium.remote.service.DriverService.checkExecutable(DriverService.java:136)
      	at org.openqa.selenium.remote.service.DriverService.findExecutable(DriverService.java:131)
      	at org.openqa.selenium.chrome.ChromeDriverService.access$000(ChromeDriverService.java:32)
      	at org.openqa.selenium.chrome.ChromeDriverService$Builder.findDefaultExecutable(ChromeDriverService.java:137)
      	at org.openqa.selenium.remote.service.DriverService$Builder.build(DriverService.java:329)
      	at org.openqa.selenium.chrome.ChromeDriverService.createDefaultService(ChromeDriverService.java:88)
      	at org.openqa.selenium.chrome.ChromeDriver.&lt;init&gt;(ChromeDriver.java:124)
      	at com.basic.MyFirstSelenium.FirstSeleniumScriptSD.User_Opens_seleniumhq_website11(FirstSeleniumScriptSD.java:19)
      	at ?.Given User Opens seleniumhq website(src/test/resources/com/basic/MyFirstSelenium/FirstSeleniumScriptFF2.feature:9)
      &amp;#27;[0m
    &amp;#27;[33mWhen &amp;#27;[0m&amp;#27;[33muser click on Project tab&amp;#27;[0m
    &amp;#27;[36mThen &amp;#27;[0m&amp;#27;[36muser checks About tab&amp;#27;[0m           &amp;#27;[90m# FirstSeleniumScriptSD.user_checks_About_tab()&amp;#27;[0m
</system-out>
  </testcase>
  <testcase classname="Scenario: test all tabs on home page44" name="Scenario: test all tabs on home page44" time="0.005">
    <error message="The driver executable does not exist: D:\Training\TrainingContent\SeleniumJars_Software\chromedriver_win32_B39\chromedriver.exe" type="java.lang.IllegalStateException">java.lang.IllegalStateException: The driver executable does not exist: D:\Training\TrainingContent\SeleniumJars_Software\chromedriver_win32_B39\chromedriver.exe
	at com.google.common.base.Preconditions.checkState(Preconditions.java:534)
	at org.openqa.selenium.remote.service.DriverService.checkExecutable(DriverService.java:136)
	at org.openqa.selenium.remote.service.DriverService.findExecutable(DriverService.java:131)
	at org.openqa.selenium.chrome.ChromeDriverService.access$000(ChromeDriverService.java:32)
	at org.openqa.selenium.chrome.ChromeDriverService$Builder.findDefaultExecutable(ChromeDriverService.java:137)
	at org.openqa.selenium.remote.service.DriverService$Builder.build(DriverService.java:329)
	at org.openqa.selenium.chrome.ChromeDriverService.createDefaultService(ChromeDriverService.java:88)
	at org.openqa.selenium.chrome.ChromeDriver.&lt;init&gt;(ChromeDriver.java:124)
	at com.basic.MyFirstSelenium.FirstSeleniumScriptSD.User_Opens_seleniumhq_website11(FirstSeleniumScriptSD.java:19)
	at ✽.Given User Opens seleniumhq website(src/test/resources/com/basic/MyFirstSelenium/FirstSeleniumScriptFF2.feature:14)
</error>
  </testcase>
  <testcase classname="Scenario: test all tabs on home page44" name="When user enter following parameters" time="0.057">
    <skipped/>
  </testcase>
  <testcase classname="Scenario: test all tabs on home page44" name="When user click on submit button." time="0.058">
    <skipped/>
  </testcase>
  <testcase classname="Scenario: test all tabs on home page44" name="Then he checks address on profile page" time="0.06">
    <skipped/>
  </testcase>
</testsuite>